<?xml version="1.0" encoding="UTF-8"?>
<testsuite name="rspec" tests="37" skipped="0" failures="0" errors="0" time="1.559040" timestamp="2021-04-02T15:54:08-03:00" hostname="Avell">
<properties>
<property name="seed" value="61685"/>
</properties>
<testcase classname="spec.scenarios.booking_post_spec" name="POST /equipos/{equipo_id}/bookings solicitar locação Deve retornar 200" file="./spec/scenarios/booking_post_spec.rb" time="0.007024"></testcase>
<testcase classname="spec.scenarios.equipo_delete_spec" name="DELETE /equipos/{equipo_id} obter unico equipo deve retornar 204" file="./spec/scenarios/equipo_delete_spec.rb" time="0.000125"></testcase>
<testcase classname="spec.scenarios.equipo_delete_spec" name="DELETE /equipos/{equipo_id} equipo não existe Deve retornar 204" file="./spec/scenarios/equipo_delete_spec.rb" time="0.000139"></testcase>
<testcase classname="spec.scenarios.equipo_get_spec" name="GET /equipos/{equipo_id} obter unico equipo deve retornar 200" file="./spec/scenarios/equipo_get_spec.rb" time="0.000135"></testcase>
<testcase classname="spec.scenarios.equipo_get_spec" name="GET /equipos/{equipo_id} obter unico equipo deve retornar o nome" file="./spec/scenarios/equipo_get_spec.rb" time="0.018841"></testcase>
<testcase classname="spec.scenarios.equipo_get_spec" name="GET /equipos/{equipo_id} equipo não existe Deve retornar 404" file="./spec/scenarios/equipo_get_spec.rb" time="0.000123"></testcase>
<testcase classname="spec.scenarios.equipo_get_spec" name="GET /equipos obter uma lista Deve retornar 200" file="./spec/scenarios/equipo_get_spec.rb" time="0.000290"></testcase>
<testcase classname="spec.scenarios.equipo_get_spec" name="GET /equipos obter uma lista Deve retornar uma lista de equipos" file="./spec/scenarios/equipo_get_spec.rb" time="0.021650"></testcase>
<testcase classname="spec.scenarios.equipo_post_spec" name="POST /equipos novo equipo deve retornar 200" file="./spec/scenarios/equipo_post_spec.rb" time="0.000113"></testcase>
<testcase classname="spec.scenarios.equipo_post_spec" name="POST /equipos nao autorizado deve retornar 401" file="./spec/scenarios/equipo_post_spec.rb" time="0.000108"></testcase>
<testcase classname="spec.scenarios.session_post_spec" name="POST /sessions login com sucesso valida status code" file="./spec/scenarios/session_post_spec.rb" time="0.000132"></testcase>
<testcase classname="spec.scenarios.session_post_spec" name="POST /sessions login com sucesso valida id do usuário" file="./spec/scenarios/session_post_spec.rb" time="0.000132"></testcase>
<testcase classname="spec.scenarios.session_post_spec" name="POST /sessions Senha Incorreta valida status code 401" file="./spec/scenarios/session_post_spec.rb" time="0.000207"></testcase>
<testcase classname="spec.scenarios.session_post_spec" name="POST /sessions Senha Incorreta valida id do usuário" file="./spec/scenarios/session_post_spec.rb" time="0.000164"></testcase>
<testcase classname="spec.scenarios.session_post_spec" name="POST /sessions Usuário não existe valida status code 401" file="./spec/scenarios/session_post_spec.rb" time="0.000153"></testcase>
<testcase classname="spec.scenarios.session_post_spec" name="POST /sessions Usuário não existe valida id do usuário" file="./spec/scenarios/session_post_spec.rb" time="0.000298"></testcase>
<testcase classname="spec.scenarios.session_post_spec" name="POST /sessions Email em Branco valida status code 412" file="./spec/scenarios/session_post_spec.rb" time="0.000286"></testcase>
<testcase classname="spec.scenarios.session_post_spec" name="POST /sessions Email em Branco valida id do usuário" file="./spec/scenarios/session_post_spec.rb" time="0.000173"></testcase>
<testcase classname="spec.scenarios.session_post_spec" name="POST /sessions Sem o Campo Email valida status code 412" file="./spec/scenarios/session_post_spec.rb" time="0.000164"></testcase>
<testcase classname="spec.scenarios.session_post_spec" name="POST /sessions Sem o Campo Email valida id do usuário" file="./spec/scenarios/session_post_spec.rb" time="0.000152"></testcase>
<testcase classname="spec.scenarios.session_post_spec" name="POST /sessions Senha em Branco valida status code 412" file="./spec/scenarios/session_post_spec.rb" time="0.000207"></testcase>
<testcase classname="spec.scenarios.session_post_spec" name="POST /sessions Senha em Branco valida id do usuário" file="./spec/scenarios/session_post_spec.rb" time="0.000314"></testcase>
<testcase classname="spec.scenarios.session_post_spec" name="POST /sessions Sem o campo Senha valida status code 412" file="./spec/scenarios/session_post_spec.rb" time="0.000168"></testcase>
<testcase classname="spec.scenarios.session_post_spec" name="POST /sessions Sem o campo Senha valida id do usuário" file="./spec/scenarios/session_post_spec.rb" time="0.000175"></testcase>
<testcase classname="spec.scenarios.signup_post_spec" name="POST /signup novo usuario valida status code" file="./spec/scenarios/signup_post_spec.rb" time="0.000122"></testcase>
<testcase classname="spec.scenarios.signup_post_spec" name="POST /signup novo usuario valida id do usuário" file="./spec/scenarios/signup_post_spec.rb" time="0.000227"></testcase>
<testcase classname="spec.scenarios.signup_post_spec" name="POST /signup usuario já existe valida status code 409" file="./spec/scenarios/signup_post_spec.rb" time="0.000118"></testcase>
<testcase classname="spec.scenarios.signup_post_spec" name="POST /signup usuario já existe Deve retornar code: 1001" file="./spec/scenarios/signup_post_spec.rb" time="0.000113"></testcase>
<testcase classname="spec.scenarios.signup_post_spec" name="POST /signup usuario já existe Deve retornar mensagem: Email already exists :(" file="./spec/scenarios/signup_post_spec.rb" time="0.000062"></testcase>
<testcase classname="spec.scenarios.signup_post_spec" name="POST /signup Nome é Obrigatório valida status code 412" file="./spec/scenarios/signup_post_spec.rb" time="0.000160"></testcase>
<testcase classname="spec.scenarios.signup_post_spec" name="POST /signup Nome é Obrigatório valida o error: required name" file="./spec/scenarios/signup_post_spec.rb" time="0.000139"></testcase>
<testcase classname="spec.scenarios.signup_post_spec" name="POST /signup Email é Obrigatório valida status code 412" file="./spec/scenarios/signup_post_spec.rb" time="0.000261"></testcase>
<testcase classname="spec.scenarios.signup_post_spec" name="POST /signup Email é Obrigatório valida o error: required email" file="./spec/scenarios/signup_post_spec.rb" time="0.000319"></testcase>
<testcase classname="spec.scenarios.signup_post_spec" name="POST /signup Senha é Obrigatório valida status code 412" file="./spec/scenarios/signup_post_spec.rb" time="0.000112"></testcase>
<testcase classname="spec.scenarios.signup_post_spec" name="POST /signup Senha é Obrigatório valida o error: required password" file="./spec/scenarios/signup_post_spec.rb" time="0.000112"></testcase>
<testcase classname="spec.scenarios.signup_post_spec" name="POST /signup Informar Email Válido valida status code 412" file="./spec/scenarios/signup_post_spec.rb" time="0.000134"></testcase>
<testcase classname="spec.scenarios.signup_post_spec" name="POST /signup Informar Email Válido valida o error: wrong email" file="./spec/scenarios/signup_post_spec.rb" time="0.000207"></testcase>
</testsuite>
